[2024-06-28 16:50:37] local.ERROR: Database (/workspaces/Ultimate-Booking-System/database/database.sqlite) does not exist. (SQL: PRAGMA foreign_keys = ON;) {"exception":"[object] (Illuminate\\Database\\QueryException(code: 0): Database (/workspaces/Ultimate-Booking-System/database/database.sqlite) does not exist. (SQL: PRAGMA foreign_keys = ON;) at /workspaces/Ultimate-Booking-System/vendor/laravel/framework/src/Illuminate/Database/Connection.php:664, InvalidArgumentException(code: 0): Database (/workspaces/Ultimate-Booking-System/database/database.sqlite) does not exist. at /workspaces/Ultimate-Booking-System/vendor/laravel/framework/src/Illuminate/Database/Connectors/SQLiteConnector.php:34)
[stacktrace]
#0 /workspaces/Ultimate-Booking-System/vendor/laravel/framework/src/Illuminate/Database/Connection.php(624): Illuminate\\Database\\Connection->runQueryCallback()
#1 /workspaces/Ultimate-Booking-System/vendor/laravel/framework/src/Illuminate/Database/Connection.php(459): Illuminate\\Database\\Connection->run()
#2 /workspaces/Ultimate-Booking-System/vendor/laravel/framework/src/Illuminate/Database/Schema/Builder.php(254): Illuminate\\Database\\Connection->statement()
#3 /workspaces/Ultimate-Booking-System/vendor/laravel/framework/src/Illuminate/Database/SQLiteConnection.php(33): Illuminate\\Database\\Schema\\Builder->enableForeignKeyConstraints()
#4 /workspaces/Ultimate-Booking-System/vendor/laravel/framework/src/Illuminate/Database/Connectors/ConnectionFactory.php(278): Illuminate\\Database\\SQLiteConnection->__construct()
#5 /workspaces/Ultimate-Booking-System/vendor/laravel/framework/src/Illuminate/Database/Connectors/ConnectionFactory.php(76): Illuminate\\Database\\Connectors\\ConnectionFactory->createConnection()
#6 /workspaces/Ultimate-Booking-System/vendor/laravel/framework/src/Illuminate/Database/Connectors/ConnectionFactory.php(50): Illuminate\\Database\\Connectors\\ConnectionFactory->createSingleConnection()
#7 /workspaces/Ultimate-Booking-System/vendor/laravel/framework/src/Illuminate/Database/DatabaseManager.php(131): Illuminate\\Database\\Connectors\\ConnectionFactory->make()
#8 /workspaces/Ultimate-Booking-System/vendor/laravel/framework/src/Illuminate/Database/DatabaseManager.php(86): Illuminate\\Database\\DatabaseManager->makeConnection()
#9 /workspaces/Ultimate-Booking-System/vendor/laravel/framework/src/Illuminate/Support/Facades/Schema.php(41): Illuminate\\Database\\DatabaseManager->connection()
#10 /workspaces/Ultimate-Booking-System/vendor/laravel/framework/src/Illuminate/Support/Facades/Facade.php(144): Illuminate\\Support\\Facades\\Schema::getFacadeAccessor()
#11 /workspaces/Ultimate-Booking-System/vendor/laravel/framework/src/Illuminate/Support/Facades/Facade.php(231): Illuminate\\Support\\Facades\\Facade::getFacadeRoot()
#12 /workspaces/Ultimate-Booking-System/app/Providers/AppServiceProvider.php(29): Illuminate\\Support\\Facades\\Facade::__callStatic()
#13 [internal function]: App\\Providers\\AppServiceProvider->boot()
#14 /workspaces/Ultimate-Booking-System/vendor/laravel/framework/src/Illuminate/Container/BoundMethod.php(32): call_user_func_array()
#15 /workspaces/Ultimate-Booking-System/vendor/laravel/framework/src/Illuminate/Container/BoundMethod.php(90): Illuminate\\Container\\BoundMethod::Illuminate\\Container\\{closure}()
#16 /workspaces/Ultimate-Booking-System/vendor/laravel/framework/src/Illuminate/Container/BoundMethod.php(34): Illuminate\\Container\\BoundMethod::callBoundMethod()
#17 /workspaces/Ultimate-Booking-System/vendor/laravel/framework/src/Illuminate/Container/Container.php(576): Illuminate\\Container\\BoundMethod::call()
#18 /workspaces/Ultimate-Booking-System/vendor/laravel/framework/src/Illuminate/Foundation/Application.php(827): Illuminate\\Container\\Container->call()
#19 /workspaces/Ultimate-Booking-System/vendor/laravel/framework/src/Illuminate/Foundation/Application.php(810): Illuminate\\Foundation\\Application->bootProvider()
#20 [internal function]: Illuminate\\Foundation\\Application->Illuminate\\Foundation\\{closure}()
#21 /workspaces/Ultimate-Booking-System/vendor/laravel/framework/src/Illuminate/Foundation/Application.php(811): array_walk()
#22 /workspaces/Ultimate-Booking-System/vendor/laravel/framework/src/Illuminate/Foundation/Bootstrap/BootProviders.php(17): Illuminate\\Foundation\\Application->boot()
#23 /workspaces/Ultimate-Booking-System/vendor/laravel/framework/src/Illuminate/Foundation/Application.php(210): Illuminate\\Foundation\\Bootstrap\\BootProviders->bootstrap()
#24 /workspaces/Ultimate-Booking-System/vendor/laravel/framework/src/Illuminate/Foundation/Console/Kernel.php(322): Illuminate\\Foundation\\Application->bootstrapWith()
#25 /workspaces/Ultimate-Booking-System/vendor/laravel/framework/src/Illuminate/Foundation/Console/Kernel.php(131): Illuminate\\Foundation\\Console\\Kernel->bootstrap()
#26 /workspaces/Ultimate-Booking-System/artisan(37): Illuminate\\Foundation\\Console\\Kernel->handle()
#27 {main}
"} 
